{"C:\\Users\\sfree\\software_projects\\theOdinProject-Calculator\\src\\index.js": {"path":"C:\\Users\\sfree\\software_projects\\theOdinProject-Calculator\\src\\index.js","statementMap":{"0":{"start":{"line":11,"column":14},"end":{"line":20,"column":1}},"1":{"start":{"line":22,"column":0},"end":{"line":65,"column":3}},"2":{"start":{"line":23,"column":2},"end":{"line":23,"column":28}},"3":{"start":{"line":25,"column":2},"end":{"line":29,"column":5}},"4":{"start":{"line":26,"column":4},"end":{"line":28,"column":7}},"5":{"start":{"line":27,"column":6},"end":{"line":27,"column":51}},"6":{"start":{"line":31,"column":2},"end":{"line":35,"column":7}},"7":{"start":{"line":34,"column":6},"end":{"line":34,"column":22}},"8":{"start":{"line":37,"column":2},"end":{"line":41,"column":5}},"9":{"start":{"line":38,"column":4},"end":{"line":40,"column":7}},"10":{"start":{"line":39,"column":6},"end":{"line":39,"column":53}},"11":{"start":{"line":43,"column":2},"end":{"line":47,"column":7}},"12":{"start":{"line":46,"column":6},"end":{"line":46,"column":31}},"13":{"start":{"line":49,"column":2},"end":{"line":53,"column":7}},"14":{"start":{"line":52,"column":6},"end":{"line":52,"column":29}},"15":{"start":{"line":55,"column":2},"end":{"line":59,"column":7}},"16":{"start":{"line":58,"column":6},"end":{"line":58,"column":34}},"17":{"start":{"line":61,"column":2},"end":{"line":61,"column":54}},"18":{"start":{"line":63,"column":2},"end":{"line":63,"column":15}},"19":{"start":{"line":64,"column":2},"end":{"line":64,"column":32}},"20":{"start":{"line":73,"column":15},"end":{"line":75,"column":3}},"21":{"start":{"line":77,"column":2},"end":{"line":80,"column":3}},"22":{"start":{"line":78,"column":4},"end":{"line":78,"column":34}},"23":{"start":{"line":79,"column":4},"end":{"line":79,"column":19}},"24":{"start":{"line":89,"column":2},"end":{"line":91,"column":3}},"25":{"start":{"line":90,"column":4},"end":{"line":90,"column":11}},"26":{"start":{"line":94,"column":4},"end":{"line":96,"column":39}},"27":{"start":{"line":98,"column":2},"end":{"line":110,"column":3}},"28":{"start":{"line":102,"column":4},"end":{"line":108,"column":7}},"29":{"start":{"line":109,"column":4},"end":{"line":109,"column":11}},"30":{"start":{"line":112,"column":2},"end":{"line":116,"column":5}},"31":{"start":{"line":125,"column":2},"end":{"line":128,"column":3}},"32":{"start":{"line":126,"column":4},"end":{"line":126,"column":20}},"33":{"start":{"line":127,"column":4},"end":{"line":127,"column":11}},"34":{"start":{"line":130,"column":2},"end":{"line":132,"column":3}},"35":{"start":{"line":131,"column":4},"end":{"line":131,"column":11}},"36":{"start":{"line":134,"column":30},"end":{"line":134,"column":53}},"37":{"start":{"line":136,"column":2},"end":{"line":145,"column":3}},"38":{"start":{"line":140,"column":4},"end":{"line":143,"column":7}},"39":{"start":{"line":144,"column":4},"end":{"line":144,"column":11}},"40":{"start":{"line":147,"column":2},"end":{"line":150,"column":5}},"41":{"start":{"line":159,"column":2},"end":{"line":162,"column":3}},"42":{"start":{"line":160,"column":4},"end":{"line":160,"column":20}},"43":{"start":{"line":161,"column":4},"end":{"line":161,"column":11}},"44":{"start":{"line":164,"column":17},"end":{"line":164,"column":42}},"45":{"start":{"line":166,"column":2},"end":{"line":171,"column":5}},"46":{"start":{"line":181,"column":2},"end":{"line":184,"column":3}},"47":{"start":{"line":182,"column":4},"end":{"line":182,"column":20}},"48":{"start":{"line":183,"column":4},"end":{"line":183,"column":11}},"49":{"start":{"line":186,"column":2},"end":{"line":194,"column":3}},"50":{"start":{"line":187,"column":4},"end":{"line":192,"column":7}},"51":{"start":{"line":193,"column":4},"end":{"line":193,"column":11}},"52":{"start":{"line":196,"column":2},"end":{"line":205,"column":3}},"53":{"start":{"line":197,"column":4},"end":{"line":203,"column":7}},"54":{"start":{"line":204,"column":4},"end":{"line":204,"column":11}},"55":{"start":{"line":207,"column":2},"end":{"line":214,"column":3}},"56":{"start":{"line":208,"column":4},"end":{"line":212,"column":7}},"57":{"start":{"line":213,"column":4},"end":{"line":213,"column":11}},"58":{"start":{"line":216,"column":17},"end":{"line":216,"column":42}},"59":{"start":{"line":218,"column":2},"end":{"line":223,"column":5}},"60":{"start":{"line":233,"column":2},"end":{"line":236,"column":3}},"61":{"start":{"line":234,"column":4},"end":{"line":234,"column":20}},"62":{"start":{"line":235,"column":4},"end":{"line":235,"column":11}},"63":{"start":{"line":238,"column":2},"end":{"line":240,"column":3}},"64":{"start":{"line":239,"column":4},"end":{"line":239,"column":11}},"65":{"start":{"line":242,"column":2},"end":{"line":244,"column":3}},"66":{"start":{"line":243,"column":4},"end":{"line":243,"column":11}},"67":{"start":{"line":246,"column":28},"end":{"line":246,"column":55}},"68":{"start":{"line":248,"column":2},"end":{"line":255,"column":3}},"69":{"start":{"line":254,"column":4},"end":{"line":254,"column":57}},"70":{"start":{"line":257,"column":2},"end":{"line":264,"column":3}},"71":{"start":{"line":258,"column":4},"end":{"line":262,"column":7}},"72":{"start":{"line":263,"column":4},"end":{"line":263,"column":11}},"73":{"start":{"line":266,"column":2},"end":{"line":272,"column":3}},"74":{"start":{"line":267,"column":4},"end":{"line":270,"column":7}},"75":{"start":{"line":271,"column":4},"end":{"line":271,"column":11}},"76":{"start":{"line":274,"column":2},"end":{"line":278,"column":5}},"77":{"start":{"line":287,"column":52},"end":{"line":287,"column":57}},"78":{"start":{"line":289,"column":31},"end":{"line":289,"column":51}},"79":{"start":{"line":290,"column":32},"end":{"line":290,"column":53}},"80":{"start":{"line":292,"column":20},"end":{"line":295,"column":3}},"81":{"start":{"line":299,"column":2},"end":{"line":319,"column":3}},"82":{"start":{"line":301,"column":6},"end":{"line":301,"column":60}},"83":{"start":{"line":302,"column":6},"end":{"line":302,"column":12}},"84":{"start":{"line":304,"column":6},"end":{"line":304,"column":60}},"85":{"start":{"line":305,"column":6},"end":{"line":305,"column":12}},"86":{"start":{"line":307,"column":6},"end":{"line":307,"column":60}},"87":{"start":{"line":308,"column":6},"end":{"line":308,"column":12}},"88":{"start":{"line":310,"column":6},"end":{"line":314,"column":7}},"89":{"start":{"line":311,"column":8},"end":{"line":313,"column":11}},"90":{"start":{"line":315,"column":6},"end":{"line":315,"column":60}},"91":{"start":{"line":316,"column":6},"end":{"line":316,"column":12}},"92":{"start":{"line":318,"column":6},"end":{"line":318,"column":17}},"93":{"start":{"line":321,"column":2},"end":{"line":321,"column":35}},"94":{"start":{"line":330,"column":2},"end":{"line":339,"column":5}},"95":{"start":{"line":349,"column":2},"end":{"line":349,"column":33}},"96":{"start":{"line":350,"column":2},"end":{"line":350,"column":28}},"97":{"start":{"line":359,"column":18},"end":{"line":359,"column":58}},"98":{"start":{"line":361,"column":2},"end":{"line":364,"column":3}},"99":{"start":{"line":362,"column":4},"end":{"line":362,"column":42}},"100":{"start":{"line":363,"column":4},"end":{"line":363,"column":11}},"101":{"start":{"line":366,"column":2},"end":{"line":371,"column":27}},"102":{"start":{"line":379,"column":15},"end":{"line":379,"column":46}},"103":{"start":{"line":380,"column":15},"end":{"line":380,"column":25}},"104":{"start":{"line":382,"column":4},"end":{"line":384,"column":23}},"105":{"start":{"line":386,"column":4},"end":{"line":388,"column":25}},"106":{"start":{"line":389,"column":2},"end":{"line":389,"column":41}}},"fnMap":{"0":{"name":"(anonymous_0)","decl":{"start":{"line":22,"column":44},"end":{"line":22,"column":45}},"loc":{"start":{"line":22,"column":50},"end":{"line":65,"column":1}},"line":22},"1":{"name":"(anonymous_1)","decl":{"start":{"line":25,"column":46},"end":{"line":25,"column":47}},"loc":{"start":{"line":25,"column":56},"end":{"line":29,"column":3}},"line":25},"2":{"name":"(anonymous_2)","decl":{"start":{"line":26,"column":37},"end":{"line":26,"column":38}},"loc":{"start":{"line":26,"column":43},"end":{"line":28,"column":5}},"line":26},"3":{"name":"(anonymous_3)","decl":{"start":{"line":33,"column":31},"end":{"line":33,"column":32}},"loc":{"start":{"line":33,"column":37},"end":{"line":35,"column":5}},"line":33},"4":{"name":"(anonymous_4)","decl":{"start":{"line":37,"column":49},"end":{"line":37,"column":50}},"loc":{"start":{"line":37,"column":59},"end":{"line":41,"column":3}},"line":37},"5":{"name":"(anonymous_5)","decl":{"start":{"line":38,"column":37},"end":{"line":38,"column":38}},"loc":{"start":{"line":38,"column":43},"end":{"line":40,"column":5}},"line":38},"6":{"name":"(anonymous_6)","decl":{"start":{"line":45,"column":31},"end":{"line":45,"column":32}},"loc":{"start":{"line":45,"column":37},"end":{"line":47,"column":5}},"line":45},"7":{"name":"(anonymous_7)","decl":{"start":{"line":51,"column":31},"end":{"line":51,"column":32}},"loc":{"start":{"line":51,"column":37},"end":{"line":53,"column":5}},"line":51},"8":{"name":"(anonymous_8)","decl":{"start":{"line":57,"column":31},"end":{"line":57,"column":32}},"loc":{"start":{"line":57,"column":37},"end":{"line":59,"column":5}},"line":57},"9":{"name":"handleKeyDown","decl":{"start":{"line":72,"column":9},"end":{"line":72,"column":22}},"loc":{"start":{"line":72,"column":30},"end":{"line":81,"column":1}},"line":72},"10":{"name":"handleBackspaceClick","decl":{"start":{"line":88,"column":9},"end":{"line":88,"column":29}},"loc":{"start":{"line":88,"column":37},"end":{"line":117,"column":1}},"line":88},"11":{"name":"handleSignClick","decl":{"start":{"line":124,"column":9},"end":{"line":124,"column":24}},"loc":{"start":{"line":124,"column":32},"end":{"line":151,"column":1}},"line":124},"12":{"name":"handleEqualsClick","decl":{"start":{"line":158,"column":9},"end":{"line":158,"column":26}},"loc":{"start":{"line":158,"column":34},"end":{"line":172,"column":1}},"line":158},"13":{"name":"handleOperatorClick","decl":{"start":{"line":180,"column":9},"end":{"line":180,"column":28}},"loc":{"start":{"line":180,"column":46},"end":{"line":224,"column":1}},"line":180},"14":{"name":"handleNumberClick","decl":{"start":{"line":232,"column":9},"end":{"line":232,"column":26}},"loc":{"start":{"line":232,"column":42},"end":{"line":279,"column":1}},"line":232},"15":{"name":"performCalculation","decl":{"start":{"line":286,"column":9},"end":{"line":286,"column":27}},"loc":{"start":{"line":286,"column":35},"end":{"line":322,"column":1}},"line":286},"16":{"name":"resetAll","decl":{"start":{"line":329,"column":9},"end":{"line":329,"column":17}},"loc":{"start":{"line":329,"column":25},"end":{"line":340,"column":1}},"line":329},"17":{"name":"updateState","decl":{"start":{"line":348,"column":9},"end":{"line":348,"column":20}},"loc":{"start":{"line":348,"column":38},"end":{"line":351,"column":1}},"line":348},"18":{"name":"updateDisplayValue","decl":{"start":{"line":358,"column":9},"end":{"line":358,"column":27}},"loc":{"start":{"line":358,"column":35},"end":{"line":372,"column":1}},"line":358},"19":{"name":"updateTime","decl":{"start":{"line":378,"column":9},"end":{"line":378,"column":19}},"loc":{"start":{"line":378,"column":22},"end":{"line":390,"column":1}},"line":378}},"branchMap":{"0":{"loc":{"start":{"line":77,"column":2},"end":{"line":80,"column":3}},"type":"if","locations":[{"start":{"line":77,"column":2},"end":{"line":80,"column":3}},{"start":{},"end":{}}],"line":77},"1":{"loc":{"start":{"line":89,"column":2},"end":{"line":91,"column":3}},"type":"if","locations":[{"start":{"line":89,"column":2},"end":{"line":91,"column":3}},{"start":{},"end":{}}],"line":89},"2":{"loc":{"start":{"line":94,"column":4},"end":{"line":96,"column":39}},"type":"cond-expr","locations":[{"start":{"line":95,"column":8},"end":{"line":95,"column":11}},{"start":{"line":96,"column":8},"end":{"line":96,"column":39}}],"line":94},"3":{"loc":{"start":{"line":98,"column":2},"end":{"line":110,"column":3}},"type":"if","locations":[{"start":{"line":98,"column":2},"end":{"line":110,"column":3}},{"start":{},"end":{}}],"line":98},"4":{"loc":{"start":{"line":99,"column":4},"end":{"line":100,"column":35}},"type":"binary-expr","locations":[{"start":{"line":99,"column":4},"end":{"line":99,"column":41}},{"start":{"line":100,"column":4},"end":{"line":100,"column":35}}],"line":99},"5":{"loc":{"start":{"line":105,"column":8},"end":{"line":107,"column":31}},"type":"cond-expr","locations":[{"start":{"line":106,"column":12},"end":{"line":106,"column":16}},{"start":{"line":107,"column":12},"end":{"line":107,"column":31}}],"line":105},"6":{"loc":{"start":{"line":125,"column":2},"end":{"line":128,"column":3}},"type":"if","locations":[{"start":{"line":125,"column":2},"end":{"line":128,"column":3}},{"start":{},"end":{}}],"line":125},"7":{"loc":{"start":{"line":130,"column":2},"end":{"line":132,"column":3}},"type":"if","locations":[{"start":{"line":130,"column":2},"end":{"line":132,"column":3}},{"start":{},"end":{}}],"line":130},"8":{"loc":{"start":{"line":136,"column":2},"end":{"line":145,"column":3}},"type":"if","locations":[{"start":{"line":136,"column":2},"end":{"line":145,"column":3}},{"start":{},"end":{}}],"line":136},"9":{"loc":{"start":{"line":137,"column":4},"end":{"line":138,"column":35}},"type":"binary-expr","locations":[{"start":{"line":137,"column":4},"end":{"line":137,"column":41}},{"start":{"line":138,"column":4},"end":{"line":138,"column":35}}],"line":137},"10":{"loc":{"start":{"line":159,"column":2},"end":{"line":162,"column":3}},"type":"if","locations":[{"start":{"line":159,"column":2},"end":{"line":162,"column":3}},{"start":{},"end":{}}],"line":159},"11":{"loc":{"start":{"line":181,"column":2},"end":{"line":184,"column":3}},"type":"if","locations":[{"start":{"line":181,"column":2},"end":{"line":184,"column":3}},{"start":{},"end":{}}],"line":181},"12":{"loc":{"start":{"line":186,"column":2},"end":{"line":194,"column":3}},"type":"if","locations":[{"start":{"line":186,"column":2},"end":{"line":194,"column":3}},{"start":{},"end":{}}],"line":186},"13":{"loc":{"start":{"line":196,"column":2},"end":{"line":205,"column":3}},"type":"if","locations":[{"start":{"line":196,"column":2},"end":{"line":205,"column":3}},{"start":{},"end":{}}],"line":196},"14":{"loc":{"start":{"line":200,"column":8},"end":{"line":200,"column":48}},"type":"binary-expr","locations":[{"start":{"line":200,"column":8},"end":{"line":200,"column":26}},{"start":{"line":200,"column":30},"end":{"line":200,"column":48}}],"line":200},"15":{"loc":{"start":{"line":207,"column":2},"end":{"line":214,"column":3}},"type":"if","locations":[{"start":{"line":207,"column":2},"end":{"line":214,"column":3}},{"start":{},"end":{}}],"line":207},"16":{"loc":{"start":{"line":233,"column":2},"end":{"line":236,"column":3}},"type":"if","locations":[{"start":{"line":233,"column":2},"end":{"line":236,"column":3}},{"start":{},"end":{}}],"line":233},"17":{"loc":{"start":{"line":238,"column":2},"end":{"line":240,"column":3}},"type":"if","locations":[{"start":{"line":238,"column":2},"end":{"line":240,"column":3}},{"start":{},"end":{}}],"line":238},"18":{"loc":{"start":{"line":238,"column":6},"end":{"line":238,"column":50}},"type":"binary-expr","locations":[{"start":{"line":238,"column":6},"end":{"line":238,"column":32}},{"start":{"line":238,"column":36},"end":{"line":238,"column":50}}],"line":238},"19":{"loc":{"start":{"line":242,"column":2},"end":{"line":244,"column":3}},"type":"if","locations":[{"start":{"line":242,"column":2},"end":{"line":244,"column":3}},{"start":{},"end":{}}],"line":242},"20":{"loc":{"start":{"line":242,"column":6},"end":{"line":242,"column":56}},"type":"binary-expr","locations":[{"start":{"line":242,"column":6},"end":{"line":242,"column":20}},{"start":{"line":242,"column":24},"end":{"line":242,"column":56}}],"line":242},"21":{"loc":{"start":{"line":248,"column":2},"end":{"line":255,"column":3}},"type":"if","locations":[{"start":{"line":248,"column":2},"end":{"line":255,"column":3}},{"start":{},"end":{}}],"line":248},"22":{"loc":{"start":{"line":249,"column":4},"end":{"line":252,"column":35}},"type":"binary-expr","locations":[{"start":{"line":249,"column":5},"end":{"line":249,"column":42}},{"start":{"line":250,"column":6},"end":{"line":250,"column":33}},{"start":{"line":251,"column":4},"end":{"line":251,"column":42}},{"start":{"line":252,"column":4},"end":{"line":252,"column":35}}],"line":249},"23":{"loc":{"start":{"line":254,"column":26},"end":{"line":254,"column":56}},"type":"cond-expr","locations":[{"start":{"line":254,"column":43},"end":{"line":254,"column":47}},{"start":{"line":254,"column":50},"end":{"line":254,"column":56}}],"line":254},"24":{"loc":{"start":{"line":257,"column":2},"end":{"line":264,"column":3}},"type":"if","locations":[{"start":{"line":257,"column":2},"end":{"line":264,"column":3}},{"start":{},"end":{}}],"line":257},"25":{"loc":{"start":{"line":266,"column":2},"end":{"line":272,"column":3}},"type":"if","locations":[{"start":{"line":266,"column":2},"end":{"line":272,"column":3}},{"start":{},"end":{}}],"line":266},"26":{"loc":{"start":{"line":293,"column":4},"end":{"line":293,"column":54}},"type":"binary-expr","locations":[{"start":{"line":293,"column":4},"end":{"line":293,"column":49}},{"start":{"line":293,"column":53},"end":{"line":293,"column":54}}],"line":293},"27":{"loc":{"start":{"line":294,"column":4},"end":{"line":294,"column":55}},"type":"binary-expr","locations":[{"start":{"line":294,"column":4},"end":{"line":294,"column":50}},{"start":{"line":294,"column":54},"end":{"line":294,"column":55}}],"line":294},"28":{"loc":{"start":{"line":299,"column":2},"end":{"line":319,"column":3}},"type":"switch","locations":[{"start":{"line":300,"column":4},"end":{"line":302,"column":12}},{"start":{"line":303,"column":4},"end":{"line":305,"column":12}},{"start":{"line":306,"column":4},"end":{"line":308,"column":12}},{"start":{"line":309,"column":4},"end":{"line":316,"column":12}},{"start":{"line":317,"column":4},"end":{"line":318,"column":17}}],"line":299},"29":{"loc":{"start":{"line":310,"column":6},"end":{"line":314,"column":7}},"type":"if","locations":[{"start":{"line":310,"column":6},"end":{"line":314,"column":7}},{"start":{},"end":{}}],"line":310},"30":{"loc":{"start":{"line":361,"column":2},"end":{"line":364,"column":3}},"type":"if","locations":[{"start":{"line":361,"column":2},"end":{"line":364,"column":3}},{"start":{},"end":{}}],"line":361},"31":{"loc":{"start":{"line":367,"column":4},"end":{"line":371,"column":26}},"type":"cond-expr","locations":[{"start":{"line":368,"column":8},"end":{"line":370,"column":30}},{"start":{"line":371,"column":8},"end":{"line":371,"column":26}}],"line":367},"32":{"loc":{"start":{"line":382,"column":4},"end":{"line":384,"column":23}},"type":"cond-expr","locations":[{"start":{"line":383,"column":8},"end":{"line":383,"column":28}},{"start":{"line":384,"column":8},"end":{"line":384,"column":23}}],"line":382},"33":{"loc":{"start":{"line":386,"column":4},"end":{"line":388,"column":25}},"type":"cond-expr","locations":[{"start":{"line":387,"column":8},"end":{"line":387,"column":31}},{"start":{"line":388,"column":8},"end":{"line":388,"column":25}}],"line":386}},"s":{"0":1,"1":1,"2":0,"3":0,"4":0,"5":0,"6":0,"7":0,"8":0,"9":0,"10":0,"11":0,"12":0,"13":0,"14":0,"15":0,"16":0,"17":0,"18":0,"19":0,"20":0,"21":0,"22":0,"23":0,"24":0,"25":0,"26":0,"27":0,"28":0,"29":0,"30":0,"31":0,"32":0,"33":0,"34":0,"35":0,"36":0,"37":0,"38":0,"39":0,"40":0,"41":2,"42":1,"43":1,"44":1,"45":1,"46":6,"47":1,"48":1,"49":5,"50":1,"51":1,"52":4,"53":2,"54":2,"55":2,"56":1,"57":1,"58":1,"59":1,"60":13,"61":1,"62":1,"63":12,"64":1,"65":11,"66":1,"67":10,"68":10,"69":6,"70":10,"71":2,"72":2,"73":8,"74":4,"75":4,"76":4,"77":13,"78":13,"79":13,"80":13,"81":13,"82":4,"83":4,"84":2,"85":2,"86":2,"87":2,"88":3,"89":1,"90":3,"91":3,"92":2,"93":13,"94":4,"95":22,"96":22,"97":26,"98":26,"99":3,"100":3,"101":23,"102":4,"103":4,"104":4,"105":4,"106":4},"f":{"0":0,"1":0,"2":0,"3":0,"4":0,"5":0,"6":0,"7":0,"8":0,"9":0,"10":0,"11":0,"12":2,"13":6,"14":13,"15":13,"16":4,"17":22,"18":26,"19":4},"b":{"0":[0,0],"1":[0,0],"2":[0,0],"3":[0,0],"4":[0,0],"5":[0,0],"6":[0,0],"7":[0,0],"8":[0,0],"9":[0,0],"10":[1,1],"11":[1,5],"12":[1,4],"13":[2,2],"14":[2,1],"15":[1,1],"16":[1,12],"17":[1,11],"18":[12,8],"19":[1,10],"20":[11,4],"21":[6,4],"22":[10,5,6,5],"23":[2,4],"24":[2,8],"25":[4,4],"26":[13,9],"27":[13,9],"28":[4,2,2,3,2],"29":[1,2],"30":[3,23],"31":[1,22],"32":[2,2],"33":[2,2]},"inputSourceMap":null,"_coverageSchema":"1a1c01bbd47fc00a2c39e90264f33305004495a9","hash":"90b602cca9c3e2883a039b86200521639b854659"}
}
