{"C:\\Users\\sfree\\software_projects\\theOdinProject-Calculator\\src\\index.js": {"path":"C:\\Users\\sfree\\software_projects\\theOdinProject-Calculator\\src\\index.js","statementMap":{"0":{"start":{"line":11,"column":14},"end":{"line":20,"column":1}},"1":{"start":{"line":22,"column":0},"end":{"line":24,"column":3}},"2":{"start":{"line":23,"column":2},"end":{"line":23,"column":38}},"3":{"start":{"line":26,"column":0},"end":{"line":69,"column":3}},"4":{"start":{"line":27,"column":2},"end":{"line":27,"column":28}},"5":{"start":{"line":29,"column":2},"end":{"line":33,"column":5}},"6":{"start":{"line":30,"column":4},"end":{"line":32,"column":7}},"7":{"start":{"line":31,"column":6},"end":{"line":31,"column":51}},"8":{"start":{"line":35,"column":2},"end":{"line":39,"column":7}},"9":{"start":{"line":38,"column":6},"end":{"line":38,"column":22}},"10":{"start":{"line":41,"column":2},"end":{"line":45,"column":5}},"11":{"start":{"line":42,"column":4},"end":{"line":44,"column":7}},"12":{"start":{"line":43,"column":6},"end":{"line":43,"column":53}},"13":{"start":{"line":47,"column":2},"end":{"line":51,"column":7}},"14":{"start":{"line":50,"column":6},"end":{"line":50,"column":31}},"15":{"start":{"line":53,"column":2},"end":{"line":57,"column":7}},"16":{"start":{"line":56,"column":6},"end":{"line":56,"column":29}},"17":{"start":{"line":59,"column":2},"end":{"line":63,"column":7}},"18":{"start":{"line":62,"column":6},"end":{"line":62,"column":34}},"19":{"start":{"line":65,"column":2},"end":{"line":65,"column":54}},"20":{"start":{"line":67,"column":2},"end":{"line":67,"column":15}},"21":{"start":{"line":68,"column":2},"end":{"line":68,"column":32}},"22":{"start":{"line":77,"column":15},"end":{"line":79,"column":3}},"23":{"start":{"line":81,"column":2},"end":{"line":84,"column":3}},"24":{"start":{"line":82,"column":4},"end":{"line":82,"column":34}},"25":{"start":{"line":83,"column":4},"end":{"line":83,"column":19}},"26":{"start":{"line":93,"column":2},"end":{"line":95,"column":3}},"27":{"start":{"line":94,"column":4},"end":{"line":94,"column":11}},"28":{"start":{"line":98,"column":4},"end":{"line":100,"column":39}},"29":{"start":{"line":102,"column":2},"end":{"line":114,"column":3}},"30":{"start":{"line":106,"column":4},"end":{"line":112,"column":7}},"31":{"start":{"line":113,"column":4},"end":{"line":113,"column":11}},"32":{"start":{"line":116,"column":2},"end":{"line":120,"column":5}},"33":{"start":{"line":129,"column":2},"end":{"line":132,"column":3}},"34":{"start":{"line":130,"column":4},"end":{"line":130,"column":20}},"35":{"start":{"line":131,"column":4},"end":{"line":131,"column":11}},"36":{"start":{"line":134,"column":2},"end":{"line":136,"column":3}},"37":{"start":{"line":135,"column":4},"end":{"line":135,"column":11}},"38":{"start":{"line":138,"column":30},"end":{"line":138,"column":53}},"39":{"start":{"line":140,"column":2},"end":{"line":149,"column":3}},"40":{"start":{"line":144,"column":4},"end":{"line":147,"column":7}},"41":{"start":{"line":148,"column":4},"end":{"line":148,"column":11}},"42":{"start":{"line":151,"column":2},"end":{"line":154,"column":5}},"43":{"start":{"line":163,"column":2},"end":{"line":166,"column":3}},"44":{"start":{"line":164,"column":4},"end":{"line":164,"column":20}},"45":{"start":{"line":165,"column":4},"end":{"line":165,"column":11}},"46":{"start":{"line":168,"column":17},"end":{"line":168,"column":42}},"47":{"start":{"line":170,"column":2},"end":{"line":175,"column":5}},"48":{"start":{"line":185,"column":2},"end":{"line":188,"column":3}},"49":{"start":{"line":186,"column":4},"end":{"line":186,"column":20}},"50":{"start":{"line":187,"column":4},"end":{"line":187,"column":11}},"51":{"start":{"line":190,"column":2},"end":{"line":198,"column":3}},"52":{"start":{"line":191,"column":4},"end":{"line":196,"column":7}},"53":{"start":{"line":197,"column":4},"end":{"line":197,"column":11}},"54":{"start":{"line":200,"column":2},"end":{"line":209,"column":3}},"55":{"start":{"line":201,"column":4},"end":{"line":207,"column":7}},"56":{"start":{"line":208,"column":4},"end":{"line":208,"column":11}},"57":{"start":{"line":211,"column":2},"end":{"line":218,"column":3}},"58":{"start":{"line":212,"column":4},"end":{"line":216,"column":7}},"59":{"start":{"line":217,"column":4},"end":{"line":217,"column":11}},"60":{"start":{"line":220,"column":17},"end":{"line":220,"column":42}},"61":{"start":{"line":222,"column":2},"end":{"line":227,"column":5}},"62":{"start":{"line":237,"column":2},"end":{"line":240,"column":3}},"63":{"start":{"line":238,"column":4},"end":{"line":238,"column":20}},"64":{"start":{"line":239,"column":4},"end":{"line":239,"column":11}},"65":{"start":{"line":242,"column":2},"end":{"line":244,"column":3}},"66":{"start":{"line":243,"column":4},"end":{"line":243,"column":11}},"67":{"start":{"line":246,"column":2},"end":{"line":248,"column":3}},"68":{"start":{"line":247,"column":4},"end":{"line":247,"column":11}},"69":{"start":{"line":250,"column":28},"end":{"line":250,"column":55}},"70":{"start":{"line":252,"column":2},"end":{"line":259,"column":3}},"71":{"start":{"line":258,"column":4},"end":{"line":258,"column":57}},"72":{"start":{"line":261,"column":2},"end":{"line":268,"column":3}},"73":{"start":{"line":262,"column":4},"end":{"line":266,"column":7}},"74":{"start":{"line":267,"column":4},"end":{"line":267,"column":11}},"75":{"start":{"line":270,"column":2},"end":{"line":276,"column":3}},"76":{"start":{"line":271,"column":4},"end":{"line":274,"column":7}},"77":{"start":{"line":275,"column":4},"end":{"line":275,"column":11}},"78":{"start":{"line":278,"column":2},"end":{"line":282,"column":5}},"79":{"start":{"line":291,"column":52},"end":{"line":291,"column":57}},"80":{"start":{"line":293,"column":31},"end":{"line":293,"column":51}},"81":{"start":{"line":294,"column":32},"end":{"line":294,"column":53}},"82":{"start":{"line":295,"column":20},"end":{"line":298,"column":3}},"83":{"start":{"line":302,"column":2},"end":{"line":324,"column":3}},"84":{"start":{"line":304,"column":6},"end":{"line":304,"column":60}},"85":{"start":{"line":305,"column":6},"end":{"line":305,"column":12}},"86":{"start":{"line":307,"column":6},"end":{"line":307,"column":60}},"87":{"start":{"line":308,"column":6},"end":{"line":308,"column":12}},"88":{"start":{"line":311,"column":6},"end":{"line":311,"column":60}},"89":{"start":{"line":312,"column":6},"end":{"line":312,"column":12}},"90":{"start":{"line":315,"column":6},"end":{"line":319,"column":7}},"91":{"start":{"line":316,"column":8},"end":{"line":318,"column":11}},"92":{"start":{"line":320,"column":6},"end":{"line":320,"column":60}},"93":{"start":{"line":321,"column":6},"end":{"line":321,"column":12}},"94":{"start":{"line":323,"column":6},"end":{"line":323,"column":17}},"95":{"start":{"line":326,"column":2},"end":{"line":326,"column":35}},"96":{"start":{"line":335,"column":2},"end":{"line":344,"column":5}},"97":{"start":{"line":354,"column":2},"end":{"line":354,"column":33}},"98":{"start":{"line":355,"column":2},"end":{"line":355,"column":28}},"99":{"start":{"line":364,"column":18},"end":{"line":364,"column":58}},"100":{"start":{"line":366,"column":2},"end":{"line":369,"column":3}},"101":{"start":{"line":367,"column":4},"end":{"line":367,"column":42}},"102":{"start":{"line":368,"column":4},"end":{"line":368,"column":11}},"103":{"start":{"line":371,"column":2},"end":{"line":376,"column":27}},"104":{"start":{"line":384,"column":15},"end":{"line":384,"column":46}},"105":{"start":{"line":385,"column":15},"end":{"line":385,"column":25}},"106":{"start":{"line":387,"column":4},"end":{"line":389,"column":23}},"107":{"start":{"line":391,"column":4},"end":{"line":393,"column":25}},"108":{"start":{"line":394,"column":2},"end":{"line":394,"column":41}}},"fnMap":{"0":{"name":"(anonymous_0)","decl":{"start":{"line":22,"column":37},"end":{"line":22,"column":38}},"loc":{"start":{"line":22,"column":43},"end":{"line":24,"column":1}},"line":22},"1":{"name":"(anonymous_1)","decl":{"start":{"line":26,"column":44},"end":{"line":26,"column":45}},"loc":{"start":{"line":26,"column":50},"end":{"line":69,"column":1}},"line":26},"2":{"name":"(anonymous_2)","decl":{"start":{"line":29,"column":46},"end":{"line":29,"column":47}},"loc":{"start":{"line":29,"column":56},"end":{"line":33,"column":3}},"line":29},"3":{"name":"(anonymous_3)","decl":{"start":{"line":30,"column":37},"end":{"line":30,"column":38}},"loc":{"start":{"line":30,"column":43},"end":{"line":32,"column":5}},"line":30},"4":{"name":"(anonymous_4)","decl":{"start":{"line":37,"column":31},"end":{"line":37,"column":32}},"loc":{"start":{"line":37,"column":37},"end":{"line":39,"column":5}},"line":37},"5":{"name":"(anonymous_5)","decl":{"start":{"line":41,"column":49},"end":{"line":41,"column":50}},"loc":{"start":{"line":41,"column":59},"end":{"line":45,"column":3}},"line":41},"6":{"name":"(anonymous_6)","decl":{"start":{"line":42,"column":37},"end":{"line":42,"column":38}},"loc":{"start":{"line":42,"column":43},"end":{"line":44,"column":5}},"line":42},"7":{"name":"(anonymous_7)","decl":{"start":{"line":49,"column":31},"end":{"line":49,"column":32}},"loc":{"start":{"line":49,"column":37},"end":{"line":51,"column":5}},"line":49},"8":{"name":"(anonymous_8)","decl":{"start":{"line":55,"column":31},"end":{"line":55,"column":32}},"loc":{"start":{"line":55,"column":37},"end":{"line":57,"column":5}},"line":55},"9":{"name":"(anonymous_9)","decl":{"start":{"line":61,"column":31},"end":{"line":61,"column":32}},"loc":{"start":{"line":61,"column":37},"end":{"line":63,"column":5}},"line":61},"10":{"name":"handleKeyDown","decl":{"start":{"line":76,"column":9},"end":{"line":76,"column":22}},"loc":{"start":{"line":76,"column":30},"end":{"line":85,"column":1}},"line":76},"11":{"name":"handleBackspaceClick","decl":{"start":{"line":92,"column":9},"end":{"line":92,"column":29}},"loc":{"start":{"line":92,"column":37},"end":{"line":121,"column":1}},"line":92},"12":{"name":"handleSignClick","decl":{"start":{"line":128,"column":9},"end":{"line":128,"column":24}},"loc":{"start":{"line":128,"column":32},"end":{"line":155,"column":1}},"line":128},"13":{"name":"handleEqualsClick","decl":{"start":{"line":162,"column":9},"end":{"line":162,"column":26}},"loc":{"start":{"line":162,"column":34},"end":{"line":176,"column":1}},"line":162},"14":{"name":"handleOperatorClick","decl":{"start":{"line":184,"column":9},"end":{"line":184,"column":28}},"loc":{"start":{"line":184,"column":46},"end":{"line":228,"column":1}},"line":184},"15":{"name":"handleNumberClick","decl":{"start":{"line":236,"column":9},"end":{"line":236,"column":26}},"loc":{"start":{"line":236,"column":42},"end":{"line":283,"column":1}},"line":236},"16":{"name":"performCalculation","decl":{"start":{"line":290,"column":9},"end":{"line":290,"column":27}},"loc":{"start":{"line":290,"column":35},"end":{"line":327,"column":1}},"line":290},"17":{"name":"resetAll","decl":{"start":{"line":334,"column":9},"end":{"line":334,"column":17}},"loc":{"start":{"line":334,"column":25},"end":{"line":345,"column":1}},"line":334},"18":{"name":"updateState","decl":{"start":{"line":353,"column":9},"end":{"line":353,"column":20}},"loc":{"start":{"line":353,"column":38},"end":{"line":356,"column":1}},"line":353},"19":{"name":"updateDisplayValue","decl":{"start":{"line":363,"column":9},"end":{"line":363,"column":27}},"loc":{"start":{"line":363,"column":35},"end":{"line":377,"column":1}},"line":363},"20":{"name":"updateTime","decl":{"start":{"line":383,"column":9},"end":{"line":383,"column":19}},"loc":{"start":{"line":383,"column":22},"end":{"line":395,"column":1}},"line":383}},"branchMap":{"0":{"loc":{"start":{"line":81,"column":2},"end":{"line":84,"column":3}},"type":"if","locations":[{"start":{"line":81,"column":2},"end":{"line":84,"column":3}},{"start":{},"end":{}}],"line":81},"1":{"loc":{"start":{"line":93,"column":2},"end":{"line":95,"column":3}},"type":"if","locations":[{"start":{"line":93,"column":2},"end":{"line":95,"column":3}},{"start":{},"end":{}}],"line":93},"2":{"loc":{"start":{"line":98,"column":4},"end":{"line":100,"column":39}},"type":"cond-expr","locations":[{"start":{"line":99,"column":8},"end":{"line":99,"column":11}},{"start":{"line":100,"column":8},"end":{"line":100,"column":39}}],"line":98},"3":{"loc":{"start":{"line":102,"column":2},"end":{"line":114,"column":3}},"type":"if","locations":[{"start":{"line":102,"column":2},"end":{"line":114,"column":3}},{"start":{},"end":{}}],"line":102},"4":{"loc":{"start":{"line":103,"column":4},"end":{"line":104,"column":35}},"type":"binary-expr","locations":[{"start":{"line":103,"column":4},"end":{"line":103,"column":41}},{"start":{"line":104,"column":4},"end":{"line":104,"column":35}}],"line":103},"5":{"loc":{"start":{"line":109,"column":8},"end":{"line":111,"column":31}},"type":"cond-expr","locations":[{"start":{"line":110,"column":12},"end":{"line":110,"column":16}},{"start":{"line":111,"column":12},"end":{"line":111,"column":31}}],"line":109},"6":{"loc":{"start":{"line":129,"column":2},"end":{"line":132,"column":3}},"type":"if","locations":[{"start":{"line":129,"column":2},"end":{"line":132,"column":3}},{"start":{},"end":{}}],"line":129},"7":{"loc":{"start":{"line":134,"column":2},"end":{"line":136,"column":3}},"type":"if","locations":[{"start":{"line":134,"column":2},"end":{"line":136,"column":3}},{"start":{},"end":{}}],"line":134},"8":{"loc":{"start":{"line":140,"column":2},"end":{"line":149,"column":3}},"type":"if","locations":[{"start":{"line":140,"column":2},"end":{"line":149,"column":3}},{"start":{},"end":{}}],"line":140},"9":{"loc":{"start":{"line":141,"column":4},"end":{"line":142,"column":35}},"type":"binary-expr","locations":[{"start":{"line":141,"column":4},"end":{"line":141,"column":41}},{"start":{"line":142,"column":4},"end":{"line":142,"column":35}}],"line":141},"10":{"loc":{"start":{"line":163,"column":2},"end":{"line":166,"column":3}},"type":"if","locations":[{"start":{"line":163,"column":2},"end":{"line":166,"column":3}},{"start":{},"end":{}}],"line":163},"11":{"loc":{"start":{"line":185,"column":2},"end":{"line":188,"column":3}},"type":"if","locations":[{"start":{"line":185,"column":2},"end":{"line":188,"column":3}},{"start":{},"end":{}}],"line":185},"12":{"loc":{"start":{"line":190,"column":2},"end":{"line":198,"column":3}},"type":"if","locations":[{"start":{"line":190,"column":2},"end":{"line":198,"column":3}},{"start":{},"end":{}}],"line":190},"13":{"loc":{"start":{"line":200,"column":2},"end":{"line":209,"column":3}},"type":"if","locations":[{"start":{"line":200,"column":2},"end":{"line":209,"column":3}},{"start":{},"end":{}}],"line":200},"14":{"loc":{"start":{"line":204,"column":8},"end":{"line":204,"column":48}},"type":"binary-expr","locations":[{"start":{"line":204,"column":8},"end":{"line":204,"column":26}},{"start":{"line":204,"column":30},"end":{"line":204,"column":48}}],"line":204},"15":{"loc":{"start":{"line":211,"column":2},"end":{"line":218,"column":3}},"type":"if","locations":[{"start":{"line":211,"column":2},"end":{"line":218,"column":3}},{"start":{},"end":{}}],"line":211},"16":{"loc":{"start":{"line":237,"column":2},"end":{"line":240,"column":3}},"type":"if","locations":[{"start":{"line":237,"column":2},"end":{"line":240,"column":3}},{"start":{},"end":{}}],"line":237},"17":{"loc":{"start":{"line":242,"column":2},"end":{"line":244,"column":3}},"type":"if","locations":[{"start":{"line":242,"column":2},"end":{"line":244,"column":3}},{"start":{},"end":{}}],"line":242},"18":{"loc":{"start":{"line":242,"column":6},"end":{"line":242,"column":50}},"type":"binary-expr","locations":[{"start":{"line":242,"column":6},"end":{"line":242,"column":32}},{"start":{"line":242,"column":36},"end":{"line":242,"column":50}}],"line":242},"19":{"loc":{"start":{"line":246,"column":2},"end":{"line":248,"column":3}},"type":"if","locations":[{"start":{"line":246,"column":2},"end":{"line":248,"column":3}},{"start":{},"end":{}}],"line":246},"20":{"loc":{"start":{"line":246,"column":6},"end":{"line":246,"column":56}},"type":"binary-expr","locations":[{"start":{"line":246,"column":6},"end":{"line":246,"column":20}},{"start":{"line":246,"column":24},"end":{"line":246,"column":56}}],"line":246},"21":{"loc":{"start":{"line":252,"column":2},"end":{"line":259,"column":3}},"type":"if","locations":[{"start":{"line":252,"column":2},"end":{"line":259,"column":3}},{"start":{},"end":{}}],"line":252},"22":{"loc":{"start":{"line":253,"column":4},"end":{"line":256,"column":35}},"type":"binary-expr","locations":[{"start":{"line":253,"column":5},"end":{"line":253,"column":42}},{"start":{"line":254,"column":6},"end":{"line":254,"column":33}},{"start":{"line":255,"column":4},"end":{"line":255,"column":42}},{"start":{"line":256,"column":4},"end":{"line":256,"column":35}}],"line":253},"23":{"loc":{"start":{"line":258,"column":26},"end":{"line":258,"column":56}},"type":"cond-expr","locations":[{"start":{"line":258,"column":43},"end":{"line":258,"column":47}},{"start":{"line":258,"column":50},"end":{"line":258,"column":56}}],"line":258},"24":{"loc":{"start":{"line":261,"column":2},"end":{"line":268,"column":3}},"type":"if","locations":[{"start":{"line":261,"column":2},"end":{"line":268,"column":3}},{"start":{},"end":{}}],"line":261},"25":{"loc":{"start":{"line":270,"column":2},"end":{"line":276,"column":3}},"type":"if","locations":[{"start":{"line":270,"column":2},"end":{"line":276,"column":3}},{"start":{},"end":{}}],"line":270},"26":{"loc":{"start":{"line":296,"column":4},"end":{"line":296,"column":54}},"type":"binary-expr","locations":[{"start":{"line":296,"column":4},"end":{"line":296,"column":49}},{"start":{"line":296,"column":53},"end":{"line":296,"column":54}}],"line":296},"27":{"loc":{"start":{"line":297,"column":4},"end":{"line":297,"column":55}},"type":"binary-expr","locations":[{"start":{"line":297,"column":4},"end":{"line":297,"column":50}},{"start":{"line":297,"column":54},"end":{"line":297,"column":55}}],"line":297},"28":{"loc":{"start":{"line":302,"column":2},"end":{"line":324,"column":3}},"type":"switch","locations":[{"start":{"line":303,"column":4},"end":{"line":305,"column":12}},{"start":{"line":306,"column":4},"end":{"line":308,"column":12}},{"start":{"line":309,"column":4},"end":{"line":309,"column":13}},{"start":{"line":310,"column":4},"end":{"line":312,"column":12}},{"start":{"line":313,"column":4},"end":{"line":313,"column":13}},{"start":{"line":314,"column":4},"end":{"line":321,"column":12}},{"start":{"line":322,"column":4},"end":{"line":323,"column":17}}],"line":302},"29":{"loc":{"start":{"line":315,"column":6},"end":{"line":319,"column":7}},"type":"if","locations":[{"start":{"line":315,"column":6},"end":{"line":319,"column":7}},{"start":{},"end":{}}],"line":315},"30":{"loc":{"start":{"line":366,"column":2},"end":{"line":369,"column":3}},"type":"if","locations":[{"start":{"line":366,"column":2},"end":{"line":369,"column":3}},{"start":{},"end":{}}],"line":366},"31":{"loc":{"start":{"line":372,"column":4},"end":{"line":376,"column":26}},"type":"cond-expr","locations":[{"start":{"line":373,"column":8},"end":{"line":375,"column":30}},{"start":{"line":376,"column":8},"end":{"line":376,"column":26}}],"line":372},"32":{"loc":{"start":{"line":387,"column":4},"end":{"line":389,"column":23}},"type":"cond-expr","locations":[{"start":{"line":388,"column":8},"end":{"line":388,"column":28}},{"start":{"line":389,"column":8},"end":{"line":389,"column":23}}],"line":387},"33":{"loc":{"start":{"line":391,"column":4},"end":{"line":393,"column":25}},"type":"cond-expr","locations":[{"start":{"line":392,"column":8},"end":{"line":392,"column":31}},{"start":{"line":393,"column":8},"end":{"line":393,"column":25}}],"line":391}},"s":{"0":1,"1":1,"2":0,"3":1,"4":0,"5":0,"6":0,"7":0,"8":0,"9":0,"10":0,"11":0,"12":0,"13":0,"14":0,"15":0,"16":0,"17":0,"18":0,"19":0,"20":0,"21":0,"22":0,"23":0,"24":0,"25":0,"26":0,"27":0,"28":0,"29":0,"30":0,"31":0,"32":0,"33":0,"34":0,"35":0,"36":0,"37":0,"38":0,"39":0,"40":0,"41":0,"42":0,"43":0,"44":0,"45":0,"46":0,"47":0,"48":0,"49":0,"50":0,"51":0,"52":0,"53":0,"54":0,"55":0,"56":0,"57":0,"58":0,"59":0,"60":0,"61":0,"62":0,"63":0,"64":0,"65":0,"66":0,"67":0,"68":0,"69":0,"70":0,"71":0,"72":0,"73":0,"74":0,"75":0,"76":0,"77":0,"78":0,"79":2,"80":2,"81":2,"82":2,"83":2,"84":2,"85":2,"86":0,"87":0,"88":0,"89":0,"90":0,"91":0,"92":0,"93":0,"94":0,"95":2,"96":1,"97":2,"98":2,"99":6,"100":6,"101":2,"102":2,"103":4,"104":4,"105":4,"106":4,"107":4,"108":4},"f":{"0":0,"1":0,"2":0,"3":0,"4":0,"5":0,"6":0,"7":0,"8":0,"9":0,"10":0,"11":0,"12":0,"13":0,"14":0,"15":0,"16":2,"17":1,"18":2,"19":6,"20":4},"b":{"0":[0,0],"1":[0,0],"2":[0,0],"3":[0,0],"4":[0,0],"5":[0,0],"6":[0,0],"7":[0,0],"8":[0,0],"9":[0,0],"10":[0,0],"11":[0,0],"12":[0,0],"13":[0,0],"14":[0,0],"15":[0,0],"16":[0,0],"17":[0,0],"18":[0,0],"19":[0,0],"20":[0,0],"21":[0,0],"22":[0,0,0,0],"23":[0,0],"24":[0,0],"25":[0,0],"26":[2,1],"27":[2,1],"28":[2,0,0,0,0,0,0],"29":[0,0],"30":[2,4],"31":[1,3],"32":[2,2],"33":[2,2]},"inputSourceMap":null,"_coverageSchema":"1a1c01bbd47fc00a2c39e90264f33305004495a9","hash":"b4a530304c01189289a33a2ac8cd2adb1d74f1a3"}
}
